<?xml version="1.0" encoding="UTF-8"?>
<testng-results skipped="0" failed="0" ignored="1" total="2" passed="1">
  <reporter-output>
    <line>
      <![CDATA[Login test passed]]>
    </line>
    <line>
      <![CDATA[Product successfuliy added to cart Canon IXUS 190]]>
    </line>
  </reporter-output>
  <suite name="FirstTestSuite" duration-ms="23174" started-at="2019-07-15T11:01:11Z" finished-at="2019-07-15T11:01:35Z">
    <groups>
    </groups>
    <test name="demoTest" duration-ms="23174" started-at="2019-07-15T11:01:11Z" finished-at="2019-07-15T11:01:35Z">
      <class name="flipcart.loginTest">
        <test-method status="PASS" signature="beforeSuite()[pri:0, instance:flipcart.loginTest@6a3f77]" name="beforeSuite" is-config="true" duration-ms="20" started-at="2019-07-15T16:31:11Z" finished-at="2019-07-15T16:31:11Z">
          <reporter-output>
          </reporter-output>
        </test-method> <!-- beforeSuite -->
        <test-method status="PASS" signature="TestCase1()[pri:0, instance:flipcart.loginTest@6a3f77]" name="TestCase1" duration-ms="23138" started-at="2019-07-15T16:31:12Z" finished-at="2019-07-15T16:31:35Z">
          <reporter-output>
            <line>
              <![CDATA[Login test passed]]>
            </line>
            <line>
              <![CDATA[Product successfuliy added to cart Canon IXUS 190]]>
            </line>
          </reporter-output>
        </test-method> <!-- TestCase1 -->
        <test-method status="FAIL" signature="afterSuite()[pri:0, instance:flipcart.loginTest@6a3f77]" name="afterSuite" is-config="true" duration-ms="0" started-at="2019-07-15T16:31:35Z" finished-at="2019-07-15T16:31:35Z">
          <exception class="org.openqa.selenium.NoSuchElementException">
            <message>
              <![CDATA[no such element: Unable to locate element: {"method":"xpath","selector":"//a[@href='#']"}
  (Session info: chrome=75.0.3770.100)
For documentation on this error, please visit: http://seleniumhq.org/exceptions/no_such_element.html
Build info: version: '3.4.0', revision: 'unknown', time: 'unknown'
System info: host: 'ANJALIPC', ip: '192.168.0.4', os.name: 'Windows 8.1', os.arch: 'x86', os.version: '6.3', java.version: '1.8.0_211'
Driver info: org.openqa.selenium.chrome.ChromeDriver
Capabilities [{networkConnectionEnabled=false, chrome={chromedriverVersion=75.0.3770.90 (a6dcaf7e3ec6f70a194cc25e8149475c6590e025-refs/branch-heads/3770@{#1003}), userDataDir=C:\Users\Anjali\AppData\Local\Temp\scoped_dir8508_19857}, timeouts={implicit=0.0, pageLoad=300000.0, script=30000.0}, pageLoadStrategy=normal, unhandledPromptBehavior=dismiss and notify, strictFileInteractability=false, platform=ANY, proxy=Proxy(), goog:chromeOptions={debuggerAddress=localhost:62981}, acceptInsecureCerts=false, browserVersion=75.0.3770.100, browserName=chrome, javascriptEnabled=true, platformName=windows nt, setWindowRect=true}]
Session ID: 2aa087b37264a560cf267522a4c27cb3
*** Element info: {Using=xpath, value=//a[@href='#']}]]>
            </message>
            <full-stacktrace>
              <![CDATA[org.openqa.selenium.NoSuchElementException: no such element: Unable to locate element: {"method":"xpath","selector":"//a[@href='#']"}
  (Session info: chrome=75.0.3770.100)
For documentation on this error, please visit: http://seleniumhq.org/exceptions/no_such_element.html
Build info: version: '3.4.0', revision: 'unknown', time: 'unknown'
System info: host: 'ANJALIPC', ip: '192.168.0.4', os.name: 'Windows 8.1', os.arch: 'x86', os.version: '6.3', java.version: '1.8.0_211'
Driver info: org.openqa.selenium.chrome.ChromeDriver
Capabilities [{networkConnectionEnabled=false, chrome={chromedriverVersion=75.0.3770.90 (a6dcaf7e3ec6f70a194cc25e8149475c6590e025-refs/branch-heads/3770@{#1003}), userDataDir=C:\Users\Anjali\AppData\Local\Temp\scoped_dir8508_19857}, timeouts={implicit=0.0, pageLoad=300000.0, script=30000.0}, pageLoadStrategy=normal, unhandledPromptBehavior=dismiss and notify, strictFileInteractability=false, platform=ANY, proxy=Proxy(), goog:chromeOptions={debuggerAddress=localhost:62981}, acceptInsecureCerts=false, browserVersion=75.0.3770.100, browserName=chrome, javascriptEnabled=true, platformName=windows nt, setWindowRect=true}]
Session ID: 2aa087b37264a560cf267522a4c27cb3
*** Element info: {Using=xpath, value=//a[@href='#']}
	at sun.reflect.NativeConstructorAccessorImpl.newInstance0(Native Method)
	at sun.reflect.NativeConstructorAccessorImpl.newInstance(NativeConstructorAccessorImpl.java:62)
	at sun.reflect.DelegatingConstructorAccessorImpl.newInstance(DelegatingConstructorAccessorImpl.java:45)
	at java.lang.reflect.Constructor.newInstance(Constructor.java:423)
	at org.openqa.selenium.remote.http.W3CHttpResponseCodec.createException(W3CHttpResponseCodec.java:150)
	at org.openqa.selenium.remote.http.W3CHttpResponseCodec.decode(W3CHttpResponseCodec.java:115)
	at org.openqa.selenium.remote.http.W3CHttpResponseCodec.decode(W3CHttpResponseCodec.java:45)
	at org.openqa.selenium.remote.HttpCommandExecutor.execute(HttpCommandExecutor.java:164)
	at org.openqa.selenium.remote.service.DriverCommandExecutor.execute(DriverCommandExecutor.java:82)
	at org.openqa.selenium.remote.RemoteWebDriver.execute(RemoteWebDriver.java:637)
	at org.openqa.selenium.remote.RemoteWebDriver.findElement(RemoteWebDriver.java:410)
	at org.openqa.selenium.remote.RemoteWebDriver.findElementByXPath(RemoteWebDriver.java:509)
	at org.openqa.selenium.By$ByXPath.findElement(By.java:361)
	at org.openqa.selenium.remote.RemoteWebDriver.findElement(RemoteWebDriver.java:402)
	at flipcart.loginTest.logout(loginTest.java:205)
	at flipcart.loginTest.afterSuite(loginTest.java:65)
	at sun.reflect.NativeMethodAccessorImpl.invoke0(Native Method)
	at sun.reflect.NativeMethodAccessorImpl.invoke(NativeMethodAccessorImpl.java:62)
	at sun.reflect.DelegatingMethodAccessorImpl.invoke(DelegatingMethodAccessorImpl.java:43)
	at java.lang.reflect.Method.invoke(Method.java:498)
	at org.testng.internal.MethodInvocationHelper.invokeMethod(MethodInvocationHelper.java:104)
	at org.testng.internal.Invoker.invokeConfigurationMethod(Invoker.java:515)
	at org.testng.internal.Invoker.invokeConfigurations(Invoker.java:217)
	at org.testng.internal.Invoker.invokeConfigurations(Invoker.java:144)
	at org.testng.SuiteRunner.privateRun(SuiteRunner.java:357)
	at org.testng.SuiteRunner.run(SuiteRunner.java:289)
	at org.testng.SuiteRunnerWorker.runSuite(SuiteRunnerWorker.java:52)
	at org.testng.SuiteRunnerWorker.run(SuiteRunnerWorker.java:86)
	at org.testng.TestNG.runSuitesSequentially(TestNG.java:1293)
	at org.testng.TestNG.runSuitesLocally(TestNG.java:1218)
	at org.testng.TestNG.runSuites(TestNG.java:1133)
	at org.testng.TestNG.run(TestNG.java:1104)
	at org.apache.maven.surefire.testng.TestNGExecutor.run(TestNGExecutor.java:283)
	at org.apache.maven.surefire.testng.TestNGXmlTestSuite.execute(TestNGXmlTestSuite.java:75)
	at org.apache.maven.surefire.testng.TestNGProvider.invoke(TestNGProvider.java:120)
	at org.apache.maven.surefire.booter.ForkedBooter.invokeProviderInSameClassLoader(ForkedBooter.java:373)
	at org.apache.maven.surefire.booter.ForkedBooter.runSuitesInProcess(ForkedBooter.java:334)
	at org.apache.maven.surefire.booter.ForkedBooter.execute(ForkedBooter.java:119)
	at org.apache.maven.surefire.booter.ForkedBooter.main(ForkedBooter.java:407)
]]>
            </full-stacktrace>
          </exception> <!-- org.openqa.selenium.NoSuchElementException -->
          <reporter-output>
          </reporter-output>
        </test-method> <!-- afterSuite -->
      </class> <!-- flipcart.loginTest -->
    </test> <!-- demoTest -->
  </suite> <!-- FirstTestSuite -->
</testng-results>
