<?xml version="1.0" encoding="UTF-8"?>
<testsuite xmlns:xsi="http://www.w3.org/2001/XMLSchema-instance" xsi:noNamespaceSchemaLocation="https://maven.apache.org/surefire/maven-surefire-plugin/xsd/surefire-test-report.xsd" name="TestSuite" time="56.689" tests="2" errors="0" skipped="0" failures="1">
  <properties>
[...]
</properties>
  <testcase name="TestCase1" classname="flipcart.loginTest" time="23.139"/>
  <testcase name="afterSuite" classname="flipcart.loginTest" time="55.691">
    <failure message="no such element: Unable to locate element: {&quot;method&quot;:&quot;xpath&quot;,&quot;selector&quot;:&quot;//a[@href=&apos;#&apos;]&quot;}&#10;  (Session info: chrome=75.0.3770.100)&#10;For documentation on this error, please visit: http://seleniumhq.org/exceptions/no_such_element.html&#10;Build info: version: &apos;3.4.0&apos;, revision: &apos;unknown&apos;, time: &apos;unknown&apos;&#10;System info: host: &apos;ANJALIPC&apos;, ip: &apos;192.168.0.4&apos;, os.name: &apos;Windows 8.1&apos;, os.arch: &apos;x86&apos;, os.version: &apos;6.3&apos;, java.version: &apos;1.8.0_211&apos;&#10;Driver info: org.openqa.selenium.chrome.ChromeDriver&#10;Capabilities [{networkConnectionEnabled=false, chrome={chromedriverVersion=75.0.3770.90 (a6dcaf7e3ec6f70a194cc25e8149475c6590e025-refs/branch-heads/3770@{#1003}), userDataDir=C:\Users\Anjali\AppData\Local\Temp\scoped_dir8508_19857}, timeouts={implicit=0.0, pageLoad=300000.0, script=30000.0}, pageLoadStrategy=normal, unhandledPromptBehavior=dismiss and notify, strictFileInteractability=false, platform=ANY, proxy=Proxy(), goog:chromeOptions={debuggerAddress=localhost:62981}, acceptInsecureCerts=false, browserVersion=75.0.3770.100, browserName=chrome, javascriptEnabled=true, platformName=windows nt, setWindowRect=true}]&#10;Session ID: 2aa087b37264a560cf267522a4c27cb3&#10;*** Element info: {Using=xpath, value=//a[@href=&apos;#&apos;]}" type="org.openqa.selenium.NoSuchElementException">org.openqa.selenium.NoSuchElementException: 
no such element: Unable to locate element: {"method":"xpath","selector":"//a[@href='#']"}
  (Session info: chrome=75.0.3770.100)
For documentation on this error, please visit: http://seleniumhq.org/exceptions/no_such_element.html
Build info: version: '3.4.0', revision: 'unknown', time: 'unknown'
System info: host: 'ANJALIPC', ip: '192.168.0.4', os.name: 'Windows 8.1', os.arch: 'x86', os.version: '6.3', java.version: '1.8.0_211'
Driver info: org.openqa.selenium.chrome.ChromeDriver
Capabilities [{networkConnectionEnabled=false, chrome={chromedriverVersion=75.0.3770.90 (a6dcaf7e3ec6f70a194cc25e8149475c6590e025-refs/branch-heads/3770@{#1003}), userDataDir=C:\Users\Anjali\AppData\Local\Temp\scoped_dir8508_19857}, timeouts={implicit=0.0, pageLoad=300000.0, script=30000.0}, pageLoadStrategy=normal, unhandledPromptBehavior=dismiss and notify, strictFileInteractability=false, platform=ANY, proxy=Proxy(), goog:chromeOptions={debuggerAddress=localhost:62981}, acceptInsecureCerts=false, browserVersion=75.0.3770.100, browserName=chrome, javascriptEnabled=true, platformName=windows nt, setWindowRect=true}]
Session ID: 2aa087b37264a560cf267522a4c27cb3
*** Element info: {Using=xpath, value=//a[@href='#']}
	at flipcart.loginTest.logout(loginTest.java:205)
	at flipcart.loginTest.afterSuite(loginTest.java:65)
</failure>
    <system-out><![CDATA[After Executed
]]></system-out>
  </testcase>
</testsuite>