<?xml version="1.0" encoding="UTF-8"?>
<testng-results skipped="0" failed="0" ignored="1" total="2" passed="1">
  <reporter-output>
    <line>
      <![CDATA[Login test passed]]>
    </line>
    <line>
      <![CDATA[Product successfuliy added to cart Canon IXUS 190]]>
    </line>
  </reporter-output>
  <suite name="FirstTestSuite" duration-ms="19569" started-at="2019-07-15T10:47:20Z" finished-at="2019-07-15T10:47:39Z">
    <groups>
    </groups>
    <test name="demoTest" duration-ms="19569" started-at="2019-07-15T10:47:20Z" finished-at="2019-07-15T10:47:39Z">
      <class name="flipcart.loginTest">
        <test-method status="PASS" signature="beforeSuite()[pri:0, instance:flipcart.loginTest@132ec19]" name="beforeSuite" is-config="true" duration-ms="15" started-at="2019-07-15T16:17:20Z" finished-at="2019-07-15T16:17:20Z">
          <reporter-output>
          </reporter-output>
        </test-method> <!-- beforeSuite -->
        <test-method status="PASS" signature="TestCase1()[pri:0, instance:flipcart.loginTest@132ec19]" name="TestCase1" duration-ms="19490" started-at="2019-07-15T16:17:20Z" finished-at="2019-07-15T16:17:39Z">
          <reporter-output>
            <line>
              <![CDATA[Login test passed]]>
            </line>
            <line>
              <![CDATA[Product successfuliy added to cart Canon IXUS 190]]>
            </line>
          </reporter-output>
        </test-method> <!-- TestCase1 -->
        <test-method status="PASS" signature="afterSuite()[pri:0, instance:flipcart.loginTest@132ec19]" name="afterSuite" is-config="true" duration-ms="380" started-at="2019-07-15T16:17:39Z" finished-at="2019-07-15T16:17:40Z">
          <reporter-output>
          </reporter-output>
        </test-method> <!-- afterSuite -->
      </class> <!-- flipcart.loginTest -->
    </test> <!-- demoTest -->
  </suite> <!-- FirstTestSuite -->
</testng-results>
