<?xml version="1.0" encoding="UTF-8"?>
<testng-results skipped="0" failed="0" ignored="1" total="2" passed="1">
  <reporter-output>
    <line>
      <![CDATA[Login test passed]]>
    </line>
  </reporter-output>
  <suite name="Default suite" duration-ms="30969" started-at="2019-07-12T07:46:46Z" finished-at="2019-07-12T07:47:17Z">
    <groups>
    </groups>
    <test name="Default test" duration-ms="30969" started-at="2019-07-12T07:46:46Z" finished-at="2019-07-12T07:47:17Z">
      <class name="flipcart.loginTest">
        <test-method status="PASS" signature="beforeSuite()[pri:0, instance:flipcart.loginTest@132ec19]" name="beforeSuite" is-config="true" duration-ms="18" started-at="2019-07-12T13:16:46Z" finished-at="2019-07-12T13:16:46Z">
          <reporter-output>
          </reporter-output>
        </test-method> <!-- beforeSuite -->
        <test-method status="PASS" signature="TestCase1()[pri:0, instance:flipcart.loginTest@132ec19]" name="TestCase1" duration-ms="30884" started-at="2019-07-12T13:16:46Z" finished-at="2019-07-12T13:17:17Z">
          <reporter-output>
            <line>
              <![CDATA[Login test passed]]>
            </line>
          </reporter-output>
        </test-method> <!-- TestCase1 -->
        <test-method status="PASS" signature="afterSuite()[pri:0, instance:flipcart.loginTest@132ec19]" name="afterSuite" is-config="true" duration-ms="97" started-at="2019-07-12T13:17:17Z" finished-at="2019-07-12T13:17:17Z">
          <reporter-output>
          </reporter-output>
        </test-method> <!-- afterSuite -->
      </class> <!-- flipcart.loginTest -->
    </test> <!-- Default test -->
  </suite> <!-- Default suite -->
</testng-results>
